<?xml version="1.0" encoding="UTF-8"?>
<!-- Generated by org.testng.reporters.JUnitXMLReporter -->
<testsuite ignored="6" hostname="users-MBP" failures="0" tests="13" name="Test" time="0.078" errors="0" timestamp="2023-02-04T12:11:41 WAT">
  <testcase classname="test.DataProviderAnnotation" name="MobileSignIn" time="0.011"/>
  <testcase classname="test.DataProviderAnnotation" name="MobileSignIn" time="0.001"/>
  <testcase classname="test.DataProviderAnnotation" name="MobileSignIn" time="0.001"/>
  <testcase classname="test.Day4" name="demo1" time="0.001"/>
  <testcase classname="test.Day4" name="demo2" time="0.001"/>
  <testcase classname="test.Day2" name="demo2" time="0.001"/>
  <testcase classname="test.Day2" name="demo4" time="0.002"/>
  <testcase classname="test.Day2" name="demo1" time="0.001"/>
  <testcase classname="test.Day3" name="demo1" time="0.001"/>
  <testcase classname="test.Day3" name="demo2" time="0.001"/>
  <testcase classname="test.Day3" name="demo4" time="0.004"/>
  <testcase classname="test.Day1" name="demo1" time="0.001"/>
  <testcase classname="test.Day1" name="demo6" time="0.001"/>
  <testcase classname="test.Day1" name="demo3" time="0.0">
    <ignored/>
  </testcase> <!-- demo3 -->
  <testcase classname="test.Day2" name="demo3" time="0.0">
    <ignored/>
  </testcase> <!-- demo3 -->
  <testcase classname="test.Day3" name="demo3" time="0.0">
    <ignored/>
  </testcase> <!-- demo3 -->
  <testcase classname="test.Day1" name="demo5" time="0.0">
    <ignored/>
  </testcase> <!-- demo5 -->
  <testcase classname="test.Day4" name="demo3" time="0.0">
    <ignored/>
  </testcase> <!-- demo3 -->
  <testcase classname="test.Day1" name="demo4" time="0.0">
    <ignored/>
  </testcase> <!-- demo4 -->
</testsuite> <!-- Test -->
