<?xml version="1.0" encoding="UTF-8"?>
<!-- Generated by org.testng.reporters.JUnitXMLReporter -->
<testsuite ignored="0" hostname="users-MacBook-Pro.local" failures="0" tests="3" name="Submit Order Test" time="34.423" errors="0" timestamp="2023-04-03T17:37:23 WAT">
  <testcase classname="greenmouse.tests.SubmitOrderTest" name="submitOrder" time="4.424"/>
  <testcase classname="greenmouse.tests.SubmitOrderTest" name="submitOrder" time="4.52"/>
  <testcase classname="greenmouse.tests.SubmitOrderTest" name="OderHistoryTest" time="1.598"/>
</testsuite> <!-- Submit Order Test -->
