<?xml version="1.0" encoding="UTF-8"?>
<testng-results skipped="0" failed="1" total="2" passed="1">
  <reporter-output>
  </reporter-output>
  <suite name="Suite" duration-ms="65254" started-at="2023-04-16T15:01:14Z" finished-at="2023-04-16T15:02:19Z">
    <groups>
      <group name="purchase">
        <method signature="SubmitOrderTest.submitOrder(java.util.HashMap)[pri:0, instance:greenmouse.tests.SubmitOrderTest@63355449]" name="submitOrder" class="greenmouse.tests.SubmitOrderTest"/>
      </group> <!-- purchase -->
    </groups>
    <test name="Error Validation Test" duration-ms="6" started-at="2023-04-16T15:01:14Z" finished-at="2023-04-16T15:01:14Z">
    </test> <!-- Error Validation Test -->
    <test name="Submit Order Test" duration-ms="65254" started-at="2023-04-16T15:01:14Z" finished-at="2023-04-16T15:02:19Z">
      <class name="greenmouse.tests.SubmitOrderTest">
        <test-method status="PASS" signature="launchApplication()[pri:0, instance:greenmouse.tests.SubmitOrderTest@63355449]" name="launchApplication" is-config="true" duration-ms="41043" started-at="2023-04-16T16:01:14Z" finished-at="2023-04-16T16:01:55Z">
          <reporter-output>
          </reporter-output>
        </test-method> <!-- launchApplication -->
        <test-method status="PASS" signature="submitOrder(java.util.HashMap)[pri:0, instance:greenmouse.tests.SubmitOrderTest@63355449]" name="submitOrder" duration-ms="4478" started-at="2023-04-16T16:01:55Z" data-provider="getData" finished-at="2023-04-16T16:02:00Z">
          <params>
            <param index="0">
              <value>
                <![CDATA[{password=Dandytech@2022, product=ZARA COAT 3, email=greenmouseapp@gmail.com}]]>
              </value>
            </param>
          </params>
          <reporter-output>
          </reporter-output>
        </test-method> <!-- submitOrder -->
        <test-method status="PASS" signature="tearDown()[pri:0, instance:greenmouse.tests.SubmitOrderTest@63355449]" name="tearDown" is-config="true" duration-ms="114" started-at="2023-04-16T16:02:00Z" finished-at="2023-04-16T16:02:00Z">
          <reporter-output>
          </reporter-output>
        </test-method> <!-- tearDown -->
        <test-method status="PASS" signature="launchApplication()[pri:0, instance:greenmouse.tests.SubmitOrderTest@63355449]" name="launchApplication" is-config="true" duration-ms="8852" started-at="2023-04-16T16:02:00Z" finished-at="2023-04-16T16:02:09Z">
          <reporter-output>
          </reporter-output>
        </test-method> <!-- launchApplication -->
        <test-method status="FAIL" signature="submitOrder(java.util.HashMap)[pri:0, instance:greenmouse.tests.SubmitOrderTest@63355449]" name="submitOrder" duration-ms="10336" started-at="2023-04-16T16:02:09Z" data-provider="getData" finished-at="2023-04-16T16:02:19Z">
          <params>
            <param index="0">
              <value>
                <![CDATA[{password=Iamking@000, product=ADIDAS ORIGINAL, email=shetty@gmail.com}]]>
              </value>
            </param>
          </params>
          <exception class="org.openqa.selenium.TimeoutException">
            <message>
              <![CDATA[Expected condition failed: waiting for visibility of element located by By.cssSelector: .mb-3 (tried for 5 second(s) with 500 milliseconds interval)
Build info: version: '4.8.1', revision: '8ebccac989'
System info: os.name: 'Mac OS X', os.arch: 'x86_64', os.version: '12.3.1', java.version: '1.8.0_361'
Driver info: org.openqa.selenium.chrome.ChromeDriver
Capabilities {acceptInsecureCerts: false, browserName: chrome, browserVersion: 112.0.5615.49, chrome: {chromedriverVersion: 112.0.5615.49 (bd2a7bcb881c..., userDataDir: /var/folders/kd/_pnkz4755c9...}, goog:chromeOptions: {debuggerAddress: localhost:49401}, networkConnectionEnabled: false, pageLoadStrategy: normal, platformName: MAC, proxy: Proxy(), se:cdp: ws://localhost:49401/devtoo..., se:cdpVersion: 112.0.5615.49, setWindowRect: true, strictFileInteractability: false, timeouts: {implicit: 0, pageLoad: 300000, script: 30000}, unhandledPromptBehavior: dismiss and notify, webauthn:extension:credBlob: true, webauthn:extension:largeBlob: true, webauthn:extension:minPinLength: true, webauthn:extension:prf: true, webauthn:virtualAuthenticators: true}
Session ID: cd105a89c47790d0a39b650bc273a058]]>
            </message>
            <full-stacktrace>
              <![CDATA[org.openqa.selenium.TimeoutException: Expected condition failed: waiting for visibility of element located by By.cssSelector: .mb-3 (tried for 5 second(s) with 500 milliseconds interval)
Build info: version: '4.8.1', revision: '8ebccac989'
System info: os.name: 'Mac OS X', os.arch: 'x86_64', os.version: '12.3.1', java.version: '1.8.0_361'
Driver info: org.openqa.selenium.chrome.ChromeDriver
Capabilities {acceptInsecureCerts: false, browserName: chrome, browserVersion: 112.0.5615.49, chrome: {chromedriverVersion: 112.0.5615.49 (bd2a7bcb881c..., userDataDir: /var/folders/kd/_pnkz4755c9...}, goog:chromeOptions: {debuggerAddress: localhost:49401}, networkConnectionEnabled: false, pageLoadStrategy: normal, platformName: MAC, proxy: Proxy(), se:cdp: ws://localhost:49401/devtoo..., se:cdpVersion: 112.0.5615.49, setWindowRect: true, strictFileInteractability: false, timeouts: {implicit: 0, pageLoad: 300000, script: 30000}, unhandledPromptBehavior: dismiss and notify, webauthn:extension:credBlob: true, webauthn:extension:largeBlob: true, webauthn:extension:minPinLength: true, webauthn:extension:prf: true, webauthn:virtualAuthenticators: true}
Session ID: cd105a89c47790d0a39b650bc273a058
	at org.openqa.selenium.support.ui.WebDriverWait.timeoutException(WebDriverWait.java:87)
	at org.openqa.selenium.support.ui.FluentWait.until(FluentWait.java:231)
	at greenmouse.AbstractComponents.AbstractComponent.waitForElementToAppear(AbstractComponent.java:37)
	at greenmouse.pageobjects.ProductCatalogue.getProductList(ProductCatalogue.java:37)
	at greenmouse.tests.SubmitOrderTest.submitOrder(SubmitOrderTest.java:32)
	at sun.reflect.NativeMethodAccessorImpl.invoke0(Native Method)
	at sun.reflect.NativeMethodAccessorImpl.invoke(NativeMethodAccessorImpl.java:62)
	at sun.reflect.DelegatingMethodAccessorImpl.invoke(DelegatingMethodAccessorImpl.java:43)
	at java.lang.reflect.Method.invoke(Method.java:498)
	at org.testng.internal.MethodInvocationHelper.invokeMethod(MethodInvocationHelper.java:80)
	at org.testng.internal.Invoker.invokeMethod(Invoker.java:715)
	at org.testng.internal.Invoker.invokeTestMethod(Invoker.java:907)
	at org.testng.internal.Invoker.invokeTestMethods(Invoker.java:1237)
	at org.testng.internal.TestMethodWorker.invokeTestMethods(TestMethodWorker.java:127)
	at org.testng.internal.TestMethodWorker.run(TestMethodWorker.java:111)
	at org.testng.TestRunner.privateRun(TestRunner.java:767)
	at org.testng.TestRunner.run(TestRunner.java:617)
	at org.testng.SuiteRunner.runTest(SuiteRunner.java:334)
	at org.testng.SuiteRunner.access$000(SuiteRunner.java:37)
	at org.testng.SuiteRunner$SuiteWorker.run(SuiteRunner.java:368)
	at org.testng.internal.thread.ThreadUtil$2.call(ThreadUtil.java:64)
	at java.util.concurrent.FutureTask.run(FutureTask.java:266)
	at java.util.concurrent.ThreadPoolExecutor.runWorker(ThreadPoolExecutor.java:1149)
	at java.util.concurrent.ThreadPoolExecutor$Worker.run(ThreadPoolExecutor.java:624)
	at java.lang.Thread.run(Thread.java:750)
]]>
            </full-stacktrace>
          </exception> <!-- org.openqa.selenium.TimeoutException -->
          <reporter-output>
          </reporter-output>
        </test-method> <!-- submitOrder -->
        <test-method status="PASS" signature="tearDown()[pri:0, instance:greenmouse.tests.SubmitOrderTest@63355449]" name="tearDown" is-config="true" duration-ms="117" started-at="2023-04-16T16:02:19Z" finished-at="2023-04-16T16:02:19Z">
          <reporter-output>
          </reporter-output>
        </test-method> <!-- tearDown -->
      </class> <!-- greenmouse.tests.SubmitOrderTest -->
    </test> <!-- Submit Order Test -->
  </suite> <!-- Suite -->
</testng-results>
